<?xml version="1.0" encoding="UTF-8"?>
<testsuite name="io.autodev.scrapper_api_controller.api.ApiCommunicatorTest" tests="1" skipped="0" failures="0" errors="0" timestamp="2020-03-11T14:55:55" hostname="Johns-MacBook-Pro.local" time="0.543">
  <properties/>
  <testcase name="getTest" classname="io.autodev.scrapper_api_controller.api.ApiCommunicatorTest" time="0.543"/>
  <system-out><![CDATA[23:55:55,714 |-INFO in ch.qos.logback.classic.LoggerContext[default] - Could NOT find resource [logback-test.xml]
23:55:55,715 |-INFO in ch.qos.logback.classic.LoggerContext[default] - Could NOT find resource [logback.groovy]
23:55:55,715 |-INFO in ch.qos.logback.classic.LoggerContext[default] - Found resource [logback.xml] at [file:/Users/johnkoo/dev/scrapper-api-controller/build/resources/test/logback.xml]
23:55:55,715 |-WARN in ch.qos.logback.classic.LoggerContext[default] - Resource [logback.xml] occurs multiple times on the classpath.
23:55:55,715 |-WARN in ch.qos.logback.classic.LoggerContext[default] - Resource [logback.xml] occurs at [file:/Users/johnkoo/dev/scrapper-api-controller/build/resources/main/logback.xml]
23:55:55,715 |-WARN in ch.qos.logback.classic.LoggerContext[default] - Resource [logback.xml] occurs at [file:/Users/johnkoo/dev/scrapper-api-controller/build/resources/test/logback.xml]
23:55:55,810 |-INFO in ch.qos.logback.classic.joran.action.ConfigurationAction - debug attribute not set
23:55:55,811 |-INFO in ch.qos.logback.core.joran.action.AppenderAction - About to instantiate appender of type [ch.qos.logback.core.ConsoleAppender]
23:55:55,827 |-INFO in ch.qos.logback.core.joran.action.AppenderAction - Naming appender as [STDOUT]
23:55:55,838 |-INFO in ch.qos.logback.core.joran.action.NestedComplexPropertyIA - Assuming default type [ch.qos.logback.classic.encoder.PatternLayoutEncoder] for [encoder] property
23:55:55,897 |-INFO in ch.qos.logback.classic.joran.action.RootLoggerAction - Setting level of ROOT logger to DEBUG
23:55:55,897 |-INFO in ch.qos.logback.core.joran.action.AppenderRefAction - Attaching appender named [STDOUT] to Logger[ROOT]
23:55:55,898 |-INFO in ch.qos.logback.classic.joran.action.ConfigurationAction - End of configuration.
23:55:55,902 |-INFO in ch.qos.logback.classic.joran.JoranConfigurator@79f09e94 - Registering current configuration as safe fallback point

23:55:56.394 [Test worker] DEBUG i.a.s.api.ApiCommunicator - TEST LOGGING
]]></system-out>
  <system-err><![CDATA[]]></system-err>
</testsuite>
